###############################################################################
#                                                                             #
#     IAR Assembler V6.30.1.53127/W32 for ARM 14/Nov/2018  19:30:17           #
#     Copyright 1999-2011 IAR Systems AB.                                     #
#                                                                             #
#           Source file   =  E:\workStation\SVN\HB-EGS701¢ò3_EQ\FW\lib\CMSIS\V1.0.0\CM3\DeviceSupport\ST\STM32F2xx\startup\iar\startup_stm32f2xx.s#
#           List file     =  E:\workStation\SVN\HB-EGS701¢ò3_EQ\FW\src\app\EWARM\Debug\List\startup_stm32f2xx.lst#
#           Object file   =  E:\workStation\SVN\HB-EGS701¢ò3_EQ\FW\src\app\EWARM\Debug\Obj\startup_stm32f2xx.o#
#           Command line  =  E:\workStation\SVN\HB-EGS701¢ò3_EQ\FW\lib\CMSIS\V1.0.0\CM3\DeviceSupport\ST\STM32F2xx\startup\iar\startup_stm32f2xx.s #
#                            -OE:\workStation\SVN\HB-EGS701¢ò3_EQ\FW\src\app\EWARM\Debug\Obj\ #
#                            -s+ -M<> -w+ -r                                  #
#                            -LE:\workStation\SVN\HB-EGS701¢ò3_EQ\FW\src\app\EWARM\Debug\List\ #
#                            -cAOM -i -B -t8 --cpu Cortex-M3 --fpu None       #
#                                                                             #
###############################################################################

    1                           ;/******************** (C) COPYRIGHT 2011
                                 STMicroelectronics ********************
    2                           ;* File Name          : startup_stm32f2xx.s
    3                           ;* Author             : MCD Application
                                 Team
    4                           ;* Version            : V1.0.0
    5                           ;* Date               : 18-April-2011
    6                           ;* Description        : STM32F2xx devices
                                 vector table for EWARM toolchain.
    7                           ;*                      This module performs:
    8                           ;*                      - Set the initial
                                 SP
    9                           ;*                      - Set the initial PC
                                 == __iar_program_start,
   10                           ;*                      - Set the vector table
                                 entries with the exceptions ISR 
   11                           ;*                        address.
   12                           ;*                      After Reset the
                                 Cortex-M3 processor is in Thread mode,
   13                           ;*                      priority is Privileged
                                , and the Stack is set to Main.
   14                           ;*********************************************
                                ***********************************
   15                           ;* THE PRESENT FIRMWARE WHICH IS FOR GUIDANCE
                                 ONLY AIMS AT PROVIDING CUSTOMERS
   16                           ;* WITH CODING INFORMATION REGARDING THEIR
                                 PRODUCTS IN ORDER FOR THEM TO SAVE TIME.
   17                           ;* AS A RESULT, STMICROELECTRONICS SHALL NOT
                                 BE HELD LIABLE FOR ANY DIRECT,
   18                           ;* INDIRECT OR CONSEQUENTIAL DAMAGES WITH
                                 RESPECT TO ANY CLAIMS ARISING FROM THE
   19                           ;* CONTENT OF SUCH FIRMWARE AND/OR THE USE
                                 MADE BY CUSTOMERS OF THE CODING
   20                           ;* INFORMATION CONTAINED HEREIN IN CONNECTION
                                 WITH THEIR PRODUCTS.
   21                           ;*********************************************
                                **********************************/
   22                           ;
   23                           ;
   24                           ; The modules in this file are included in the
                                 libraries, and may be replaced
   25                           ; by any user-defined modules that define the
                                 PUBLIC symbol _program_start or
   26                           ; a user defined start symbol.
   27                           ; To override the cstartup defined in the
                                 library, simply add your modified
   28                           ; version to the workbench project.
   29                           ;
   30                           ; The vector table is normally located at
                                 address 0.
   31                           ; When debugging in RAM, it can be located in
                                 RAM, aligned to at least 2^6.
   32                           ; The name "__vector_table" has special
                                 meaning for C-SPY:
   33                           ; it is where the SP start value is found, and
                                 the NVIC vector
   34                           ; table register (VTOR) is initialized to this
                                 address if != 0.
   35                           ;
   36                           ; Cortex-M version
   37                           ;
   38                           
   39                                   MODULE  ?cstartup
   40                           
   41                                   ;; Forward declaration of sections.
   42                                   SECTION CSTACK:DATA:NOROOT(3)
   43                           
   44                                   SECTION .intvec:CODE:NOROOT(2)
   45                           
   46                                   EXTERN  __iar_program_start
   47                                   EXTERN  SystemInit
   48                                   PUBLIC  __vector_table
   49                           
   50                                   DATA
   51                           __vector_table
   52    00000000 ........              DCD     sfe(CSTACK)
   53    00000004 ........              DCD     Reset_Handler             ;
  Reset Handler
   54                           
   55    00000008 ........              DCD     NMI_Handler               ; NMI
  Handler
   56    0000000C ........              DCD     HardFault_Handler         ;
  Hard Fault Handler
   57    00000010 ........              DCD     MemManage_Handler         ; MPU
  Fault Handler
   58    00000014 ........              DCD     BusFault_Handler          ; Bus
  Fault Handler
   59    00000018 ........              DCD     UsageFault_Handler        ;
  Usage Fault Handler
   60    0000001C 00000000              DCD     0                         ;
  Reserved
   61    00000020 00000000              DCD     0                         ;
  Reserved
   62    00000024 00000000              DCD     0                         ;
  Reserved
   63    00000028 00000000              DCD     0                         ;
  Reserved
   64    0000002C ........              DCD     SVC_Handler               ;
  SVCall Handler
   65    00000030 ........              DCD     DebugMon_Handler          ;
  Debug Monitor Handler
   66    00000034 00000000              DCD     0                         ;
  Reserved
   67    00000038 ........              DCD     PendSV_Handler            ;
  PendSV Handler
   68    0000003C ........              DCD     SysTick_Handler           ;
  SysTick Handler
   69                           
   70                                    ; External Interrupts
   71    00000040 ........              DCD     WWDG_IRQHandler                
    ; Window WatchDog                                        
   72    00000044 ........              DCD     PVD_IRQHandler                 
    ; PVD through EXTI Line detection                        
   73    00000048 ........              DCD     TAMP_STAMP_IRQHandler          
    ; Tamper and TimeStamps through the EXTI line            
   74    0000004C ........              DCD     RTC_WKUP_IRQHandler            
    ; RTC Wakeup through the EXTI line                       
   75    00000050 ........              DCD     FLASH_IRQHandler               
    ; FLASH                                           
   76    00000054 ........              DCD     RCC_IRQHandler                 
    ; RCC                                             
   77    00000058 ........              DCD     EXTI0_IRQHandler               
    ; EXTI Line0                                             
   78    0000005C ........              DCD     EXTI1_IRQHandler               
    ; EXTI Line1                                             
   79    00000060 ........              DCD     EXTI2_IRQHandler               
    ; EXTI Line2                                             
   80    00000064 ........              DCD     EXTI3_IRQHandler               
    ; EXTI Line3                                             
   81    00000068 ........              DCD     EXTI4_IRQHandler               
    ; EXTI Line4                                             
   82    0000006C ........              DCD     DMA1_Stream0_IRQHandler        
    ; DMA1 Stream 0                                   
   83    00000070 ........              DCD     DMA1_Stream1_IRQHandler        
    ; DMA1 Stream 1                                   
   84    00000074 ........              DCD     DMA1_Stream2_IRQHandler        
    ; DMA1 Stream 2                                   
   85    00000078 ........              DCD     DMA1_Stream3_IRQHandler        
    ; DMA1 Stream 3                                   
   86    0000007C ........              DCD     DMA1_Stream4_IRQHandler        
    ; DMA1 Stream 4                                   
   87    00000080 ........              DCD     DMA1_Stream5_IRQHandler        
    ; DMA1 Stream 5                                   
   88    00000084 ........              DCD     DMA1_Stream6_IRQHandler        
    ; DMA1 Stream 6                                   
   89    00000088 ........              DCD     ADC_IRQHandler                 
    ; ADC1, ADC2 and ADC3s                            
   90    0000008C ........              DCD     CAN1_TX_IRQHandler             
    ; CAN1 TX                                                
   91    00000090 ........              DCD     CAN1_RX0_IRQHandler            
    ; CAN1 RX0                                               
   92    00000094 ........              DCD     CAN1_RX1_IRQHandler            
    ; CAN1 RX1                                               
   93    00000098 ........              DCD     CAN1_SCE_IRQHandler            
    ; CAN1 SCE                                               
   94    0000009C ........              DCD     EXTI9_5_IRQHandler             
    ; External Line[9:5]s                                    
   95    000000A0 ........              DCD     TIM1_BRK_TIM9_IRQHandler       
    ; TIM1 Break and TIM9                   
   96    000000A4 ........              DCD     TIM1_UP_TIM10_IRQHandler       
    ; TIM1 Update and TIM10                 
   97    000000A8 ........              DCD     TIM1_TRG_COM_TIM11_IRQHandler  
    ; TIM1 Trigger and Commutation and TIM11
   98    000000AC ........              DCD     TIM1_CC_IRQHandler             
    ; TIM1 Capture Compare                                   
   99    000000B0 ........              DCD     TIM2_IRQHandler                
    ; TIM2                                            
  100    000000B4 ........              DCD     TIM3_IRQHandler                
    ; TIM3                                            
  101    000000B8 ........              DCD     TIM4_IRQHandler                
    ; TIM4                                            
  102    000000BC ........              DCD     I2C1_EV_IRQHandler             
    ; I2C1 Event                                             
  103    000000C0 ........              DCD     I2C1_ER_IRQHandler             
    ; I2C1 Error                                             
  104    000000C4 ........              DCD     I2C2_EV_IRQHandler             
    ; I2C2 Event                                             
  105    000000C8 ........              DCD     I2C2_ER_IRQHandler             
    ; I2C2 Error                                               
  106    000000CC ........              DCD     SPI1_IRQHandler                
    ; SPI1                                            
  107    000000D0 ........              DCD     SPI2_IRQHandler                
    ; SPI2                                            
  108    000000D4 ........              DCD     USART1_IRQHandler              
    ; USART1                                          
  109    000000D8 ........              DCD     USART2_IRQHandler              
    ; USART2                                          
  110    000000DC ........              DCD     USART3_IRQHandler              
    ; USART3                                          
  111    000000E0 ........              DCD     EXTI15_10_IRQHandler           
    ; External Line[15:10]s                                  
  112    000000E4 ........              DCD     RTC_Alarm_IRQHandler           
    ; RTC Alarm (A and B) through EXTI Line                  
  113    000000E8 ........              DCD     OTG_FS_WKUP_IRQHandler         
    ; USB OTG FS Wakeup through EXTI line                        
  114    000000EC ........              DCD     TIM8_BRK_TIM12_IRQHandler      
    ; TIM8 Break and TIM12                  
  115    000000F0 ........              DCD     TIM8_UP_TIM13_IRQHandler       
    ; TIM8 Update and TIM13                 
  116    000000F4 ........              DCD     TIM8_TRG_COM_TIM14_IRQHandler  
    ; TIM8 Trigger and Commutation and TIM14
  117    000000F8 ........              DCD     TIM8_CC_IRQHandler             
    ; TIM8 Capture Compare                                   
  118    000000FC ........              DCD     DMA1_Stream7_IRQHandler        
    ; DMA1 Stream7                                           
  119    00000100 ........              DCD     FSMC_IRQHandler                
    ; FSMC                                            
  120    00000104 ........              DCD     SDIO_IRQHandler                
    ; SDIO                                            
  121    00000108 ........              DCD     TIM5_IRQHandler                
    ; TIM5                                            
  122    0000010C ........              DCD     SPI3_IRQHandler                
    ; SPI3                                            
  123    00000110 ........              DCD     UART4_IRQHandler               
    ; UART4                                           
  124    00000114 ........              DCD     UART5_IRQHandler               
    ; UART5                                           
  125    00000118 ........              DCD     TIM6_DAC_IRQHandler            
    ; TIM6 and DAC1&2 underrun errors                   
  126    0000011C ........              DCD     TIM7_IRQHandler                
    ; TIM7                   
  127    00000120 ........              DCD     DMA2_Stream0_IRQHandler        
    ; DMA2 Stream 0                                   
  128    00000124 ........              DCD     DMA2_Stream1_IRQHandler        
    ; DMA2 Stream 1                                   
  129    00000128 ........              DCD     DMA2_Stream2_IRQHandler        
    ; DMA2 Stream 2                                   
  130    0000012C ........              DCD     DMA2_Stream3_IRQHandler        
    ; DMA2 Stream 3                                   
  131    00000130 ........              DCD     DMA2_Stream4_IRQHandler        
    ; DMA2 Stream 4                                   
  132    00000134 ........              DCD     ETH_IRQHandler                 
    ; Ethernet                                        
  133    00000138 ........              DCD     ETH_WKUP_IRQHandler            
    ; Ethernet Wakeup through EXTI line                      
  134    0000013C ........              DCD     CAN2_TX_IRQHandler             
    ; CAN2 TX                                                
  135    00000140 ........              DCD     CAN2_RX0_IRQHandler            
    ; CAN2 RX0                                               
  136    00000144 ........              DCD     CAN2_RX1_IRQHandler            
    ; CAN2 RX1                                               
  137    00000148 ........              DCD     CAN2_SCE_IRQHandler            
    ; CAN2 SCE                                               
  138    0000014C ........              DCD     OTG_FS_IRQHandler              
    ; USB OTG FS                                      
  139    00000150 ........              DCD     DMA2_Stream5_IRQHandler        
    ; DMA2 Stream 5                                   
  140    00000154 ........              DCD     DMA2_Stream6_IRQHandler        
    ; DMA2 Stream 6                                   
  141    00000158 ........              DCD     DMA2_Stream7_IRQHandler        
    ; DMA2 Stream 7                                   
  142    0000015C ........              DCD     USART6_IRQHandler              
    ; USART6                                           
  143    00000160 ........              DCD     I2C3_EV_IRQHandler             
    ; I2C3 event                                             
  144    00000164 ........              DCD     I2C3_ER_IRQHandler             
    ; I2C3 error                                             
  145    00000168 ........              DCD     OTG_HS_EP1_OUT_IRQHandler      
    ; USB OTG HS End Point 1 Out                      
  146    0000016C ........              DCD     OTG_HS_EP1_IN_IRQHandler       
    ; USB OTG HS End Point 1 In                       
  147    00000170 ........              DCD     OTG_HS_WKUP_IRQHandler         
    ; USB OTG HS Wakeup through EXTI                         
  148    00000174 ........              DCD     OTG_HS_IRQHandler              
    ; USB OTG HS                                      
  149    00000178 ........              DCD     DCMI_IRQHandler                
    ; DCMI                                            
  150    0000017C ........              DCD     CRYP_IRQHandler                
    ; CRYP crypto                                     
  151    00000180 ........              DCD     HASH_RNG_IRQHandler            
    ; Hash and Rng
  152                           
  153                           ;;;;;;;;;;;;;;;;;;;;;;;;;;;;;;;;;;;;;;;;;;;;;;
                                ;;;;;;
  154                           ;;
  155                           ;; Default interrupt handlers.
  156                           ;;
  157                                   THUMB
  158                                   PUBWEAK Reset_Handler
  159                                   SECTION .text:CODE:REORDER(2)
  160                           Reset_Handler
  161    00000000 0148                  LDR     R0, =SystemInit
  162    00000002 8047                  BLX     R0
  163    00000004 0148                  LDR     R0, =__iar_program_start
  164    00000006 0047                  BX      R0
  165                           
  166                                   PUBWEAK NMI_Handler
  167                                   SECTION .text:CODE:REORDER(1)
  167.1                                  TABLE
  167.2  00000008 ........              Reference on line 161 
  167.3  0000000C ........              Reference on line 163 
  167.4                                 RSEG (including table)
  167                                   SECTION .text:CODE:REORDER(1)
  168                           NMI_Handler
  169    00000000 ........              B NMI_Handler
  170                           
  171                                   PUBWEAK HardFault_Handler
  172                                   SECTION .text:CODE:REORDER(1)
  173                           HardFault_Handler
  174    00000000 ........              B HardFault_Handler
  175                           
  176                                   PUBWEAK MemManage_Handler
  177                                   SECTION .text:CODE:REORDER(1)
  178                           MemManage_Handler
  179    00000000 ........              B MemManage_Handler
  180                           
  181                                   PUBWEAK BusFault_Handler
  182                                   SECTION .text:CODE:REORDER(1)
  183                           BusFault_Handler
  184    00000000 ........              B BusFault_Handler
  185                           
  186                                   PUBWEAK UsageFault_Handler
  187                                   SECTION .text:CODE:REORDER(1)
  188                           UsageFault_Handler
  189    00000000 ........              B UsageFault_Handler
  190                           
  191                                   PUBWEAK SVC_Handler
  192                                   SECTION .text:CODE:REORDER(1)
  193                           SVC_Handler
  194    00000000 ........              B SVC_Handler
  195                           
  196                                   PUBWEAK DebugMon_Handler
  197                                   SECTION .text:CODE:REORDER(1)
  198                           DebugMon_Handler
  199    00000000 ........              B DebugMon_Handler
  200                           
  201                                   PUBWEAK PendSV_Handler
  202                                   SECTION .text:CODE:REORDER(1)
  203                           PendSV_Handler
  204    00000000 ........              B PendSV_Handler
  205                           
  206                                   PUBWEAK SysTick_Handler
  207                                   SECTION .text:CODE:REORDER(1)
  208                           SysTick_Handler
  209    00000000 ........              B SysTick_Handler
  210                           
  211                                   PUBWEAK WWDG_IRQHandler
  212                                   SECTION .text:CODE:REORDER(1)
  213                           WWDG_IRQHandler  
  214    00000000 ........              B WWDG_IRQHandler
  215                           
  216                                   PUBWEAK PVD_IRQHandler
  217                                   SECTION .text:CODE:REORDER(1)
  218                           PVD_IRQHandler  
  219    00000000 ........              B PVD_IRQHandler
  220                           
  221                                   PUBWEAK TAMP_STAMP_IRQHandler
  222                                   SECTION .text:CODE:REORDER(1)   
                                 
  223                           TAMP_STAMP_IRQHandler  
  224    00000000 ........              B TAMP_STAMP_IRQHandler
  225                           
  226                                   PUBWEAK RTC_WKUP_IRQHandler
  227                                   SECTION .text:CODE:REORDER(1) 
                                 
  228                           RTC_WKUP_IRQHandler  
  229    00000000 ........              B RTC_WKUP_IRQHandler
  230                           
  231                                   PUBWEAK FLASH_IRQHandler
  232                                   SECTION .text:CODE:REORDER(1)
  233                           FLASH_IRQHandler  
  234    00000000 ........              B FLASH_IRQHandler
  235                           
  236                                   PUBWEAK RCC_IRQHandler
  237                                   SECTION .text:CODE:REORDER(1)
  238                           RCC_IRQHandler  
  239    00000000 ........              B RCC_IRQHandler
  240                           
  241                                   PUBWEAK EXTI0_IRQHandler
  242                                   SECTION .text:CODE:REORDER(1)
  243                           EXTI0_IRQHandler  
  244    00000000 ........              B EXTI0_IRQHandler
  245                           
  246                                   PUBWEAK EXTI1_IRQHandler
  247                                   SECTION .text:CODE:REORDER(1)
  248                           EXTI1_IRQHandler  
  249    00000000 ........              B EXTI1_IRQHandler
  250                           
  251                                   PUBWEAK EXTI2_IRQHandler
  252                                   SECTION .text:CODE:REORDER(1)
  253                           EXTI2_IRQHandler  
  254    00000000 ........              B EXTI2_IRQHandler
  255                           
  256                                   PUBWEAK EXTI3_IRQHandler
  257                                   SECTION .text:CODE:REORDER(1)
  258                           EXTI3_IRQHandler
  259    00000000 ........              B EXTI3_IRQHandler
  260                           
  261                                   PUBWEAK EXTI4_IRQHandler
  262                                   SECTION .text:CODE:REORDER(1)   
                                 
  263                           EXTI4_IRQHandler  
  264    00000000 ........              B EXTI4_IRQHandler
  265                           
  266                                   PUBWEAK DMA1_Stream0_IRQHandler
  267                                   SECTION .text:CODE:REORDER(1)   
                                 
  268                           DMA1_Stream0_IRQHandler  
  269    00000000 ........              B DMA1_Stream0_IRQHandler
  270                           
  271                                   PUBWEAK DMA1_Stream1_IRQHandler
  272                                   SECTION .text:CODE:REORDER(1)   
                                 
  273                           DMA1_Stream1_IRQHandler  
  274    00000000 ........              B DMA1_Stream1_IRQHandler
  275                           
  276                                   PUBWEAK DMA1_Stream2_IRQHandler
  277                                   SECTION .text:CODE:REORDER(1)   
                                 
  278                           DMA1_Stream2_IRQHandler  
  279    00000000 ........              B DMA1_Stream2_IRQHandler
  280                           
  281                                   PUBWEAK DMA1_Stream3_IRQHandler
  282                                   SECTION .text:CODE:REORDER(1)   
                                 
  283                           DMA1_Stream3_IRQHandler  
  284    00000000 ........              B DMA1_Stream3_IRQHandler
  285                           
  286                                   PUBWEAK DMA1_Stream4_IRQHandler
  287                                   SECTION .text:CODE:REORDER(1)   
                                 
  288                           DMA1_Stream4_IRQHandler  
  289    00000000 ........              B DMA1_Stream4_IRQHandler
  290                           
  291                                   PUBWEAK DMA1_Stream5_IRQHandler
  292                                   SECTION .text:CODE:REORDER(1)   
                                 
  293                           DMA1_Stream5_IRQHandler  
  294    00000000 ........              B DMA1_Stream5_IRQHandler
  295                           
  296                                   PUBWEAK DMA1_Stream6_IRQHandler
  297                                   SECTION .text:CODE:REORDER(1)   
                                 
  298                           DMA1_Stream6_IRQHandler  
  299    00000000 ........              B DMA1_Stream6_IRQHandler
  300                           
  301                                   PUBWEAK ADC_IRQHandler
  302                                   SECTION .text:CODE:REORDER(1)
  303                           ADC_IRQHandler  
  304    00000000 ........              B ADC_IRQHandler
  305                           
  306                                   PUBWEAK CAN1_TX_IRQHandler
  307                                   SECTION .text:CODE:REORDER(1)
                                 
  308                           CAN1_TX_IRQHandler  
  309    00000000 ........              B CAN1_TX_IRQHandler
  310                           
  311                                   PUBWEAK CAN1_RX0_IRQHandler
  312                                   SECTION .text:CODE:REORDER(1) 
                                 
  313                           CAN1_RX0_IRQHandler  
  314    00000000 ........              B CAN1_RX0_IRQHandler
  315                           
  316                                   PUBWEAK CAN1_RX1_IRQHandler
  317                                   SECTION .text:CODE:REORDER(1) 
                                 
  318                           CAN1_RX1_IRQHandler  
  319    00000000 ........              B CAN1_RX1_IRQHandler
  320                           
  321                                   PUBWEAK CAN1_SCE_IRQHandler
  322                                   SECTION .text:CODE:REORDER(1) 
                                 
  323                           CAN1_SCE_IRQHandler  
  324    00000000 ........              B CAN1_SCE_IRQHandler
  325                           
  326                                   PUBWEAK EXTI9_5_IRQHandler
  327                                   SECTION .text:CODE:REORDER(1)
                                 
  328                           EXTI9_5_IRQHandler  
  329    00000000 ........              B EXTI9_5_IRQHandler
  330                           
  331                                   PUBWEAK TIM1_BRK_TIM9_IRQHandler
  332                                   SECTION .text:CODE:REORDER(1)   
                                 
  333                           TIM1_BRK_TIM9_IRQHandler  
  334    00000000 ........              B TIM1_BRK_TIM9_IRQHandler
  335                           
  336                                   PUBWEAK TIM1_UP_TIM10_IRQHandler
  337                                   SECTION .text:CODE:REORDER(1)   
                                 
  338                           TIM1_UP_TIM10_IRQHandler  
  339    00000000 ........              B TIM1_UP_TIM10_IRQHandler
  340                           
  341                                   PUBWEAK TIM1_TRG_COM_TIM11_IRQHandler
  342                                   SECTION .text:CODE:REORDER(1)   
                                 
  343                           TIM1_TRG_COM_TIM11_IRQHandler  
  344    00000000 ........              B TIM1_TRG_COM_TIM11_IRQHandler
  345                                   
  346                                   PUBWEAK TIM1_CC_IRQHandler
  347                                   SECTION .text:CODE:REORDER(1)   
                                 
  348                           TIM1_CC_IRQHandler  
  349    00000000 ........              B TIM1_CC_IRQHandler
  350                           
  351                                   PUBWEAK TIM2_IRQHandler
  352                                   SECTION .text:CODE:REORDER(1)
  353                           TIM2_IRQHandler  
  354    00000000 ........              B TIM2_IRQHandler
  355                           
  356                                   PUBWEAK TIM3_IRQHandler
  357                                   SECTION .text:CODE:REORDER(1)
  358                           TIM3_IRQHandler  
  359    00000000 ........              B TIM3_IRQHandler
  360                           
  361                                   PUBWEAK TIM4_IRQHandler
  362                                   SECTION .text:CODE:REORDER(1)
  363                           TIM4_IRQHandler  
  364    00000000 ........              B TIM4_IRQHandler
  365                           
  366                                   PUBWEAK I2C1_EV_IRQHandler
  367                                   SECTION .text:CODE:REORDER(1)
                                 
  368                           I2C1_EV_IRQHandler  
  369    00000000 ........              B I2C1_EV_IRQHandler
  370                           
  371                                   PUBWEAK I2C1_ER_IRQHandler
  372                                   SECTION .text:CODE:REORDER(1)
                                 
  373                           I2C1_ER_IRQHandler  
  374    00000000 ........              B I2C1_ER_IRQHandler
  375                           
  376                                   PUBWEAK I2C2_EV_IRQHandler
  377                                   SECTION .text:CODE:REORDER(1)
                                 
  378                           I2C2_EV_IRQHandler  
  379    00000000 ........              B I2C2_EV_IRQHandler
  380                           
  381                                   PUBWEAK I2C2_ER_IRQHandler
  382                                   SECTION .text:CODE:REORDER(1)
                                 
  383                           I2C2_ER_IRQHandler  
  384    00000000 ........              B I2C2_ER_IRQHandler
  385                           
  386                                   PUBWEAK SPI1_IRQHandler
  387                                   SECTION .text:CODE:REORDER(1)
  388                           SPI1_IRQHandler  
  389    00000000 ........              B SPI1_IRQHandler
  390                           
  391                                   PUBWEAK SPI2_IRQHandler
  392                                   SECTION .text:CODE:REORDER(1)
  393                           SPI2_IRQHandler  
  394    00000000 ........              B SPI2_IRQHandler
  395                           
  396                                   PUBWEAK USART1_IRQHandler
  397                                   SECTION .text:CODE:REORDER(1)
  398                           USART1_IRQHandler  
  399    00000000 ........              B USART1_IRQHandler
  400                           
  401                                   PUBWEAK USART2_IRQHandler
  402                                   SECTION .text:CODE:REORDER(1)
  403                           USART2_IRQHandler  
  404    00000000 ........              B USART2_IRQHandler
  405                           
  406                                   PUBWEAK USART3_IRQHandler
  407                                   SECTION .text:CODE:REORDER(1)
  408                           USART3_IRQHandler  
  409    00000000 ........              B USART3_IRQHandler
  410                           
  411                                   PUBWEAK EXTI15_10_IRQHandler
  412                                   SECTION .text:CODE:REORDER(1)  
                                 
  413                           EXTI15_10_IRQHandler  
  414    00000000 ........              B EXTI15_10_IRQHandler
  415                           
  416                                   PUBWEAK RTC_Alarm_IRQHandler
  417                                   SECTION .text:CODE:REORDER(1)  
                                 
  418                           RTC_Alarm_IRQHandler  
  419    00000000 ........              B RTC_Alarm_IRQHandler
  420                           
  421                                   PUBWEAK OTG_FS_WKUP_IRQHandler
  422                                   SECTION .text:CODE:REORDER(1)   
                                 
  423                           OTG_FS_WKUP_IRQHandler  
  424    00000000 ........              B OTG_FS_WKUP_IRQHandler
  425                                 
  426                                   PUBWEAK TIM8_BRK_TIM12_IRQHandler
  427                                   SECTION .text:CODE:REORDER(1)   
                                 
  428                           TIM8_BRK_TIM12_IRQHandler  
  429    00000000 ........              B TIM8_BRK_TIM12_IRQHandler
  430                           
  431                                   PUBWEAK TIM8_UP_TIM13_IRQHandler
  432                                   SECTION .text:CODE:REORDER(1)   
                                 
  433                           TIM8_UP_TIM13_IRQHandler  
  434    00000000 ........              B TIM8_UP_TIM13_IRQHandler
  435                           
  436                                   PUBWEAK TIM8_TRG_COM_TIM14_IRQHandler
  437                                   SECTION .text:CODE:REORDER(1)   
                                 
  438                           TIM8_TRG_COM_TIM14_IRQHandler  
  439    00000000 ........              B TIM8_TRG_COM_TIM14_IRQHandler
  440                           
  441                                   PUBWEAK TIM8_CC_IRQHandler
  442                                   SECTION .text:CODE:REORDER(1)
                                 
  443                           TIM8_CC_IRQHandler  
  444    00000000 ........              B TIM8_CC_IRQHandler
  445                           
  446                                   PUBWEAK DMA1_Stream7_IRQHandler
  447                                   SECTION .text:CODE:REORDER(1)   
                                 
  448                           DMA1_Stream7_IRQHandler  
  449    00000000 ........              B DMA1_Stream7_IRQHandler
  450                           
  451                                   PUBWEAK FSMC_IRQHandler
  452                                   SECTION .text:CODE:REORDER(1)
  453                           FSMC_IRQHandler  
  454    00000000 ........              B FSMC_IRQHandler
  455                           
  456                                   PUBWEAK SDIO_IRQHandler
  457                                   SECTION .text:CODE:REORDER(1)
  458                           SDIO_IRQHandler  
  459    00000000 ........              B SDIO_IRQHandler
  460                           
  461                                   PUBWEAK TIM5_IRQHandler
  462                                   SECTION .text:CODE:REORDER(1)
  463                           TIM5_IRQHandler  
  464    00000000 ........              B TIM5_IRQHandler
  465                           
  466                                   PUBWEAK SPI3_IRQHandler
  467                                   SECTION .text:CODE:REORDER(1)
  468                           SPI3_IRQHandler  
  469    00000000 ........              B SPI3_IRQHandler
  470                           
  471                                   PUBWEAK UART4_IRQHandler
  472                                   SECTION .text:CODE:REORDER(1)
  473                           UART4_IRQHandler  
  474    00000000 ........              B UART4_IRQHandler
  475                           
  476                                   PUBWEAK UART5_IRQHandler
  477                                   SECTION .text:CODE:REORDER(1)
  478                           UART5_IRQHandler  
  479    00000000 ........              B UART5_IRQHandler
  480                           
  481                                   PUBWEAK TIM6_DAC_IRQHandler
  482                                   SECTION .text:CODE:REORDER(1)  
                                 
  483                           TIM6_DAC_IRQHandler  
  484    00000000 ........              B TIM6_DAC_IRQHandler
  485                           
  486                                   PUBWEAK TIM7_IRQHandler
  487                                   SECTION .text:CODE:REORDER(1)  
                                 
  488                           TIM7_IRQHandler  
  489    00000000 ........              B TIM7_IRQHandler
  490                           
  491                                   PUBWEAK DMA2_Stream0_IRQHandler
  492                                   SECTION .text:CODE:REORDER(1)   
                                 
  493                           DMA2_Stream0_IRQHandler  
  494    00000000 ........              B DMA2_Stream0_IRQHandler
  495                           
  496                                   PUBWEAK DMA2_Stream1_IRQHandler
  497                                   SECTION .text:CODE:REORDER(1)   
                                 
  498                           DMA2_Stream1_IRQHandler  
  499    00000000 ........              B DMA2_Stream1_IRQHandler
  500                           
  501                                   PUBWEAK DMA2_Stream2_IRQHandler
  502                                   SECTION .text:CODE:REORDER(1)   
                                 
  503                           DMA2_Stream2_IRQHandler  
  504    00000000 ........              B DMA2_Stream2_IRQHandler
  505                           
  506                                   PUBWEAK DMA2_Stream3_IRQHandler
  507                                   SECTION .text:CODE:REORDER(1)   
                                 
  508                           DMA2_Stream3_IRQHandler  
  509    00000000 ........              B DMA2_Stream3_IRQHandler
  510                           
  511                                   PUBWEAK DMA2_Stream4_IRQHandler
  512                                   SECTION .text:CODE:REORDER(1)   
                                 
  513                           DMA2_Stream4_IRQHandler  
  514    00000000 ........              B DMA2_Stream4_IRQHandler
  515                           
  516                                   PUBWEAK ETH_IRQHandler
  517                                   SECTION .text:CODE:REORDER(1)
  518                           ETH_IRQHandler  
  519    00000000 ........              B ETH_IRQHandler
  520                           
  521                                   PUBWEAK ETH_WKUP_IRQHandler
  522                                   SECTION .text:CODE:REORDER(1) 
                                 
  523                           ETH_WKUP_IRQHandler  
  524    00000000 ........              B ETH_WKUP_IRQHandler
  525                           
  526                                   PUBWEAK CAN2_TX_IRQHandler
  527                                   SECTION .text:CODE:REORDER(1)
                                 
  528                           CAN2_TX_IRQHandler  
  529    00000000 ........              B CAN2_TX_IRQHandler
  530                           
  531                                   PUBWEAK CAN2_RX0_IRQHandler
  532                                   SECTION .text:CODE:REORDER(1) 
                                 
  533                           CAN2_RX0_IRQHandler  
  534    00000000 ........              B CAN2_RX0_IRQHandler
  535                           
  536                                   PUBWEAK CAN2_RX1_IRQHandler
  537                                   SECTION .text:CODE:REORDER(1) 
                                 
  538                           CAN2_RX1_IRQHandler  
  539    00000000 ........              B CAN2_RX1_IRQHandler
  540                           
  541                                   PUBWEAK CAN2_SCE_IRQHandler
  542                                   SECTION .text:CODE:REORDER(1) 
                                 
  543                           CAN2_SCE_IRQHandler  
  544    00000000 ........              B CAN2_SCE_IRQHandler
  545                           
  546                                   PUBWEAK OTG_FS_IRQHandler
  547                                   SECTION .text:CODE:REORDER(1)
  548                           OTG_FS_IRQHandler  
  549    00000000 ........              B OTG_FS_IRQHandler
  550                           
  551                                   PUBWEAK DMA2_Stream5_IRQHandler
  552                                   SECTION .text:CODE:REORDER(1)   
                                 
  553                           DMA2_Stream5_IRQHandler  
  554    00000000 ........              B DMA2_Stream5_IRQHandler
  555                           
  556                                   PUBWEAK DMA2_Stream6_IRQHandler
  557                                   SECTION .text:CODE:REORDER(1)   
                                 
  558                           DMA2_Stream6_IRQHandler  
  559    00000000 ........              B DMA2_Stream6_IRQHandler
  560                           
  561                                   PUBWEAK DMA2_Stream7_IRQHandler
  562                                   SECTION .text:CODE:REORDER(1)   
                                 
  563                           DMA2_Stream7_IRQHandler  
  564    00000000 ........              B DMA2_Stream7_IRQHandler
  565                           
  566                                   PUBWEAK USART6_IRQHandler
  567                                   SECTION .text:CODE:REORDER(1)
  568                           USART6_IRQHandler  
  569    00000000 ........              B USART6_IRQHandler
  570                           
  571                                   PUBWEAK I2C3_EV_IRQHandler
  572                                   SECTION .text:CODE:REORDER(1)
                                 
  573                           I2C3_EV_IRQHandler  
  574    00000000 ........              B I2C3_EV_IRQHandler
  575                           
  576                                   PUBWEAK I2C3_ER_IRQHandler
  577                                   SECTION .text:CODE:REORDER(1)
                                 
  578                           I2C3_ER_IRQHandler  
  579    00000000 ........              B I2C3_ER_IRQHandler
  580                           
  581                                   PUBWEAK OTG_HS_EP1_OUT_IRQHandler
  582                                   SECTION .text:CODE:REORDER(1)   
                                 
  583                           OTG_HS_EP1_OUT_IRQHandler  
  584    00000000 ........              B OTG_HS_EP1_OUT_IRQHandler
  585                           
  586                                   PUBWEAK OTG_HS_EP1_IN_IRQHandler
  587                                   SECTION .text:CODE:REORDER(1)   
                                 
  588                           OTG_HS_EP1_IN_IRQHandler  
  589    00000000 ........              B OTG_HS_EP1_IN_IRQHandler
  590                           
  591                                   PUBWEAK OTG_HS_WKUP_IRQHandler
  592                                   SECTION .text:CODE:REORDER(1)   
                                 
  593                           OTG_HS_WKUP_IRQHandler  
  594    00000000 ........              B OTG_HS_WKUP_IRQHandler
  595                           
  596                                   PUBWEAK OTG_HS_IRQHandler
  597                                   SECTION .text:CODE:REORDER(1)
  598                           OTG_HS_IRQHandler  
  599    00000000 ........              B OTG_HS_IRQHandler
  600                           
  601                                   PUBWEAK DCMI_IRQHandler
  602                                   SECTION .text:CODE:REORDER(1)
  603                           DCMI_IRQHandler  
  604    00000000 ........              B DCMI_IRQHandler
  605                           
  606                                   PUBWEAK CRYP_IRQHandler
  607                                   SECTION .text:CODE:REORDER(1)
  608                           CRYP_IRQHandler  
  609    00000000 ........              B CRYP_IRQHandler
  610                           
  611                                   PUBWEAK HASH_RNG_IRQHandler
  612                                   SECTION .text:CODE:REORDER(1) 
                                 
  613                           HASH_RNG_IRQHandler  
  614    00000000 ........              B HASH_RNG_IRQHandler
  615                           
  616                                   END
##############################
#           CRC:0            #
#        Errors:   0         #
#        Warnings: 0         #
#         Bytes: 764         #
##############################



